alloc_IMPORTS_start
I_calloc
I_free
I_malloc
alloc_IMPORTS_end

ioman_IMPORTS_start
I_DelDrv
I_AddDrv
I_open
I_lseek
I_write
I_close
I_remove
ioman_IMPORTS_end

ps2ip_IMPORTS_start
I_lwip_close
I_lwip_connect
I_lwip_fcntl
I_lwip_freeaddrinfo
I_lwip_getaddrinfo
I_lwip_getsockopt
I_lwip_recv
I_lwip_send
I_lwip_socket
I_lwip_select
I_lwip_setsockopt
I_ipaddr4_aton
ps2ip_IMPORTS_end

stdio_IMPORTS_start
I_printf
stdio_IMPORTS_end

sysclib_IMPORTS_start
I_look_ctype_table
I_memmove
I_memset
I_memcpy
I_memcmp
I_sprintf
I_strcat
I_strcpy
I_strlen
I_strcmp
I_strncmp
I_strchr
I_strrchr
I_strstr
I_strncpy
I_strtok
I_strtol
I_toupper
I_vsprintf
sysclib_IMPORTS_end

thbase_IMPORTS_start
I_GetSystemTime
I_SysClock2USec
thbase_IMPORTS_end
